
*** Running vivado
    with args -log cpuclk.vds -m64 -mode batch -messageDb vivado.pb -notrace -source cpuclk.tcl


****** Vivado v2015.4 (64-bit)
  **** SW Build 1412921 on Wed Nov 18 09:43:45 MST 2015
  **** IP Build 1412160 on Tue Nov 17 13:47:24 MST 2015
    ** Copyright 1986-2015 Xilinx, Inc. All Rights Reserved.

source cpuclk.tcl -notrace
INFO: [IP_Flow 19-234] Refreshing IP repositories
INFO: [IP_Flow 19-1704] No user IP repositories specified
INFO: [IP_Flow 19-2313] Loaded Vivado IP repository 'E:/Xilinx/Vivado/2015.4/data/ip'.
WARNING: [IP_Flow 19-3664] IP 'cpuclk' generated file not found 'f:/.vscode/Github/MIPS32_CPU/minisys/minisys.srcs/sources_1/ip/cpuclk/cpuclk.dcp'. Please regenerate to continue.
WARNING: [IP_Flow 19-3664] IP 'cpuclk' generated file not found 'f:/.vscode/Github/MIPS32_CPU/minisys/minisys.srcs/sources_1/ip/cpuclk/cpuclk_stub.v'. Please regenerate to continue.
WARNING: [IP_Flow 19-3664] IP 'cpuclk' generated file not found 'f:/.vscode/Github/MIPS32_CPU/minisys/minisys.srcs/sources_1/ip/cpuclk/cpuclk_stub.vhdl'. Please regenerate to continue.
WARNING: [IP_Flow 19-3664] IP 'cpuclk' generated file not found 'f:/.vscode/Github/MIPS32_CPU/minisys/minisys.srcs/sources_1/ip/cpuclk/cpuclk_sim_netlist.v'. Please regenerate to continue.
WARNING: [IP_Flow 19-3664] IP 'cpuclk' generated file not found 'f:/.vscode/Github/MIPS32_CPU/minisys/minisys.srcs/sources_1/ip/cpuclk/cpuclk_sim_netlist.vhdl'. Please regenerate to continue.
Command: synth_design -top cpuclk -part xc7a100tfgg484-1 -mode out_of_context
Starting synth_design
Attempting to get a license for feature 'Synthesis' and/or device 'xc7a100t'
INFO: [Common 17-349] Got license for feature 'Synthesis' and/or device 'xc7a100t'
---------------------------------------------------------------------------------
Starting RTL Elaboration : Time (s): cpu = 00:00:05 ; elapsed = 00:00:06 . Memory (MB): peak = 302.266 ; gain = 130.852
---------------------------------------------------------------------------------
INFO: [Synth 8-638] synthesizing module 'cpuclk' [f:/.vscode/Github/MIPS32_CPU/minisys/minisys.srcs/sources_1/ip/cpuclk/cpuclk.v:69]
INFO: [Synth 8-638] synthesizing module 'cpuclk_clk_wiz' [f:/.vscode/Github/MIPS32_CPU/minisys/minisys.srcs/sources_1/ip/cpuclk/cpuclk_clk_wiz.v:67]
INFO: [Synth 8-638] synthesizing module 'IBUF' [E:/Xilinx/Vivado/2015.4/scripts/rt/data/unisim_comp.v:14145]
	Parameter CAPACITANCE bound to: DONT_CARE - type: string 
	Parameter IBUF_DELAY_VALUE bound to: 0 - type: string 
	Parameter IBUF_LOW_PWR bound to: TRUE - type: string 
	Parameter IFD_DELAY_VALUE bound to: AUTO - type: string 
	Parameter IOSTANDARD bound to: DEFAULT - type: string 
INFO: [Synth 8-256] done synthesizing module 'IBUF' (1#1) [E:/Xilinx/Vivado/2015.4/scripts/rt/data/unisim_comp.v:14145]
INFO: [Synth 8-638] synthesizing module 'PLLE2_ADV' [E:/Xilinx/Vivado/2015.4/scripts/rt/data/unisim_comp.v:32655]
	Parameter BANDWIDTH bound to: OPTIMIZED - type: string 
	Parameter CLKFBOUT_MULT bound to: 46 - type: integer 
	Parameter CLKFBOUT_PHASE bound to: 0.000000 - type: float 
	Parameter CLKIN1_PERIOD bound to: 10.000000 - type: float 
	Parameter CLKIN2_PERIOD bound to: 0.000000 - type: float 
	Parameter CLKOUT0_DIVIDE bound to: 40 - type: integer 
	Parameter CLKOUT0_DUTY_CYCLE bound to: 0.500000 - type: float 
	Parameter CLKOUT0_PHASE bound to: 0.000000 - type: float 
	Parameter CLKOUT1_DIVIDE bound to: 1 - type: integer 
	Parameter CLKOUT1_DUTY_CYCLE bound to: 0.500000 - type: float 
	Parameter CLKOUT1_PHASE bound to: 0.000000 - type: float 
	Parameter CLKOUT2_DIVIDE bound to: 1 - type: integer 
	Parameter CLKOUT2_DUTY_CYCLE bound to: 0.500000 - type: float 
	Parameter CLKOUT2_PHASE bound to: 0.000000 - type: float 
	Parameter CLKOUT3_DIVIDE bound to: 1 - type: integer 
	Parameter CLKOUT3_DUTY_CYCLE bound to: 0.500000 - type: float 
	Parameter CLKOUT3_PHASE bound to: 0.000000 - type: float 
	Parameter CLKOUT4_DIVIDE bound to: 1 - type: integer 
	Parameter CLKOUT4_DUTY_CYCLE bound to: 0.500000 - type: float 
	Parameter CLKOUT4_PHASE bound to: 0.000000 - type: float 
	Parameter CLKOUT5_DIVIDE bound to: 1 - type: integer 
	Parameter CLKOUT5_DUTY_CYCLE bound to: 0.500000 - type: float 
	Parameter CLKOUT5_PHASE bound to: 0.000000 - type: float 
	Parameter COMPENSATION bound to: ZHOLD - type: string 
	Parameter DIVCLK_DIVIDE bound to: 5 - type: integer 
	Parameter IS_CLKINSEL_INVERTED bound to: 1'b0 
	Parameter IS_PWRDWN_INVERTED bound to: 1'b0 
	Parameter IS_RST_INVERTED bound to: 1'b0 
	Parameter REF_JITTER1 bound to: 0.010000 - type: float 
	Parameter REF_JITTER2 bound to: 0.010000 - type: float 
	Parameter STARTUP_WAIT bound to: FALSE - type: string 
INFO: [Synth 8-256] done synthesizing module 'PLLE2_ADV' (2#1) [E:/Xilinx/Vivado/2015.4/scripts/rt/data/unisim_comp.v:32655]
INFO: [Synth 8-638] synthesizing module 'BUFG' [E:/Xilinx/Vivado/2015.4/scripts/rt/data/unisim_comp.v:607]
INFO: [Synth 8-256] done synthesizing module 'BUFG' (3#1) [E:/Xilinx/Vivado/2015.4/scripts/rt/data/unisim_comp.v:607]
INFO: [Synth 8-256] done synthesizing module 'cpuclk_clk_wiz' (4#1) [f:/.vscode/Github/MIPS32_CPU/minisys/minisys.srcs/sources_1/ip/cpuclk/cpuclk_clk_wiz.v:67]
INFO: [Synth 8-256] done synthesizing module 'cpuclk' (5#1) [f:/.vscode/Github/MIPS32_CPU/minisys/minisys.srcs/sources_1/ip/cpuclk/cpuclk.v:69]
---------------------------------------------------------------------------------
Finished RTL Elaboration : Time (s): cpu = 00:00:06 ; elapsed = 00:00:07 . Memory (MB): peak = 338.590 ; gain = 167.176
---------------------------------------------------------------------------------

Report Check Netlist: 
+------+------------------+-------+---------+-------+------------------+
|      |Item              |Errors |Warnings |Status |Description       |
+------+------------------+-------+---------+-------+------------------+
|1     |multi_driven_nets |      0|        0|Passed |Multi driven nets |
+------+------------------+-------+---------+-------+------------------+
---------------------------------------------------------------------------------
Finished RTL Optimization Phase 1 : Time (s): cpu = 00:00:06 ; elapsed = 00:00:07 . Memory (MB): peak = 338.590 ; gain = 167.176
---------------------------------------------------------------------------------
INFO: [Netlist 29-17] Analyzing 2 Unisim elements for replacement
INFO: [Netlist 29-28] Unisim Transformation completed in 0 CPU seconds
INFO: [Device 21-403] Loading part xc7a100tfgg484-1
INFO: [Project 1-570] Preparing netlist for logic optimization

Processing XDC Constraints
Initializing timing engine
Parsing XDC File [f:/.vscode/Github/MIPS32_CPU/minisys/minisys.srcs/sources_1/ip/cpuclk/cpuclk_ooc.xdc] for cell 'inst'
Finished Parsing XDC File [f:/.vscode/Github/MIPS32_CPU/minisys/minisys.srcs/sources_1/ip/cpuclk/cpuclk_ooc.xdc] for cell 'inst'
Parsing XDC File [f:/.vscode/Github/MIPS32_CPU/minisys/minisys.srcs/sources_1/ip/cpuclk/cpuclk_board.xdc] for cell 'inst'
Finished Parsing XDC File [f:/.vscode/Github/MIPS32_CPU/minisys/minisys.srcs/sources_1/ip/cpuclk/cpuclk_board.xdc] for cell 'inst'
Parsing XDC File [f:/.vscode/Github/MIPS32_CPU/minisys/minisys.srcs/sources_1/ip/cpuclk/cpuclk.xdc] for cell 'inst'
Finished Parsing XDC File [f:/.vscode/Github/MIPS32_CPU/minisys/minisys.srcs/sources_1/ip/cpuclk/cpuclk.xdc] for cell 'inst'
INFO: [Project 1-236] Implementation specific constraints were found while reading constraint file [f:/.vscode/Github/MIPS32_CPU/minisys/minisys.srcs/sources_1/ip/cpuclk/cpuclk.xdc]. These constraints will be ignored for synthesis but will be used in implementation. Impacted constraints are listed in the file [.Xil/cpuclk_propImpl.xdc].
Resolution: To avoid this warning, move constraints listed in [.Xil/cpuclk_propImpl.xdc] to another XDC file and exclude this new file from synthesis with the used_in_synthesis property (File Properties dialog in GUI) and re-run elaboration/synthesis.
INFO: [Timing 38-2] Deriving generated clocks
Parsing XDC File [F:/.vscode/Github/MIPS32_CPU/minisys/minisys.runs/cpuclk_synth_1/dont_touch.xdc]
Finished Parsing XDC File [F:/.vscode/Github/MIPS32_CPU/minisys/minisys.runs/cpuclk_synth_1/dont_touch.xdc]
Completed Processing XDC Constraints

INFO: [Project 1-111] Unisim Transformation Summary:
No Unisim elements were transformed.

Constraint Validation Runtime : Time (s): cpu = 00:00:00 ; elapsed = 00:00:00.031 . Memory (MB): peak = 551.891 ; gain = 0.000
---------------------------------------------------------------------------------
Finished Constraint Validation : Time (s): cpu = 00:00:12 ; elapsed = 00:00:13 . Memory (MB): peak = 551.891 ; gain = 380.477
---------------------------------------------------------------------------------
---------------------------------------------------------------------------------
Start Loading Part and Timing Information
---------------------------------------------------------------------------------
Loading part: xc7a100tfgg484-1
---------------------------------------------------------------------------------
Finished Loading Part and Timing Information : Time (s): cpu = 00:00:12 ; elapsed = 00:00:14 . Memory (MB): peak = 551.891 ; gain = 380.477
---------------------------------------------------------------------------------
---------------------------------------------------------------------------------
Start Applying 'set_property' XDC Constraints
---------------------------------------------------------------------------------
Applied set_property DONT_TOUCH = true for inst. (constraint file  auto generated constraint, line ).
---------------------------------------------------------------------------------
Finished applying 'set_property' XDC Constraints : Time (s): cpu = 00:00:12 ; elapsed = 00:00:14 . Memory (MB): peak = 551.891 ; gain = 380.477
---------------------------------------------------------------------------------
---------------------------------------------------------------------------------
Finished RTL Optimization Phase 2 : Time (s): cpu = 00:00:12 ; elapsed = 00:00:14 . Memory (MB): peak = 551.891 ; gain = 380.477
---------------------------------------------------------------------------------

Report RTL Partitions: 
+-+--------------+------------+----------+
| |RTL Partition |Replication |Instances |
+-+--------------+------------+----------+
+-+--------------+------------+----------+
---------------------------------------------------------------------------------
Start RTL Component Statistics 
---------------------------------------------------------------------------------
Detailed RTL Component Info : 
---------------------------------------------------------------------------------
Finished RTL Component Statistics 
---------------------------------------------------------------------------------
---------------------------------------------------------------------------------
Start RTL Hierarchical Component Statistics 
---------------------------------------------------------------------------------
Hierarchical RTL Component report 
---------------------------------------------------------------------------------
Finished RTL Hierarchical Component Statistics
---------------------------------------------------------------------------------
---------------------------------------------------------------------------------
Start Part Resource Summary
---------------------------------------------------------------------------------
Part Resources:
DSPs: 240 (col length:80)
BRAMs: 270 (col length: RAMB18 80 RAMB36 40)
---------------------------------------------------------------------------------
Finished Part Resource Summary
---------------------------------------------------------------------------------
Start Parallel Synthesis Optimization  : Time (s): cpu = 00:00:12 ; elapsed = 00:00:14 . Memory (MB): peak = 551.891 ; gain = 380.477
---------------------------------------------------------------------------------
Start Cross Boundary Optimization
---------------------------------------------------------------------------------
---------------------------------------------------------------------------------
Finished Cross Boundary Optimization : Time (s): cpu = 00:00:12 ; elapsed = 00:00:14 . Memory (MB): peak = 551.891 ; gain = 380.477
---------------------------------------------------------------------------------
Finished Parallel Reinference  : Time (s): cpu = 00:00:12 ; elapsed = 00:00:14 . Memory (MB): peak = 551.891 ; gain = 380.477

Report RTL Partitions: 
+-+--------------+------------+----------+
| |RTL Partition |Replication |Instances |
+-+--------------+------------+----------+
+-+--------------+------------+----------+
---------------------------------------------------------------------------------
Start Area Optimization
---------------------------------------------------------------------------------
---------------------------------------------------------------------------------
Finished Area Optimization : Time (s): cpu = 00:00:12 ; elapsed = 00:00:14 . Memory (MB): peak = 551.891 ; gain = 380.477
---------------------------------------------------------------------------------
Finished Parallel Area Optimization  : Time (s): cpu = 00:00:12 ; elapsed = 00:00:14 . Memory (MB): peak = 551.891 ; gain = 380.477

Report RTL Partitions: 
+-+--------------+------------+----------+
| |RTL Partition |Replication |Instances |
+-+--------------+------------+----------+
+-+--------------+------------+----------+
---------------------------------------------------------------------------------
Start Timing Optimization
---------------------------------------------------------------------------------
---------------------------------------------------------------------------------
Start Applying XDC Timing Constraints
---------------------------------------------------------------------------------
---------------------------------------------------------------------------------
Finished Applying XDC Timing Constraints : Time (s): cpu = 00:00:19 ; elapsed = 00:00:22 . Memory (MB): peak = 584.367 ; gain = 412.953
---------------------------------------------------------------------------------
---------------------------------------------------------------------------------
Finished Timing Optimization : Time (s): cpu = 00:00:19 ; elapsed = 00:00:22 . Memory (MB): peak = 584.367 ; gain = 412.953
---------------------------------------------------------------------------------

Report RTL Partitions: 
+-+--------------+------------+----------+
| |RTL Partition |Replication |Instances |
+-+--------------+------------+----------+
+-+--------------+------------+----------+
---------------------------------------------------------------------------------
Start Technology Mapping
---------------------------------------------------------------------------------
---------------------------------------------------------------------------------
Finished Technology Mapping : Time (s): cpu = 00:00:19 ; elapsed = 00:00:22 . Memory (MB): peak = 594.078 ; gain = 422.664
---------------------------------------------------------------------------------
Finished Parallel Technology Mapping Optimization  : Time (s): cpu = 00:00:19 ; elapsed = 00:00:22 . Memory (MB): peak = 594.078 ; gain = 422.664

Report RTL Partitions: 
+-+--------------+------------+----------+
| |RTL Partition |Replication |Instances |
+-+--------------+------------+----------+
+-+--------------+------------+----------+
Finished Parallel Synthesis Optimization  : Time (s): cpu = 00:00:19 ; elapsed = 00:00:22 . Memory (MB): peak = 594.078 ; gain = 422.664
---------------------------------------------------------------------------------
Start IO Insertion
---------------------------------------------------------------------------------
---------------------------------------------------------------------------------
Start Flattening Before IO Insertion
---------------------------------------------------------------------------------
---------------------------------------------------------------------------------
Finished Flattening Before IO Insertion
---------------------------------------------------------------------------------
---------------------------------------------------------------------------------
Start Final Netlist Cleanup
---------------------------------------------------------------------------------
---------------------------------------------------------------------------------
Finished Final Netlist Cleanup
---------------------------------------------------------------------------------
---------------------------------------------------------------------------------
Finished IO Insertion : Time (s): cpu = 00:00:20 ; elapsed = 00:00:22 . Memory (MB): peak = 594.078 ; gain = 422.664
---------------------------------------------------------------------------------

Report Check Netlist: 
+------+------------------+-------+---------+-------+------------------+
|      |Item              |Errors |Warnings |Status |Description       |
+------+------------------+-------+---------+-------+------------------+
|1     |multi_driven_nets |      0|        0|Passed |Multi driven nets |
+------+------------------+-------+---------+-------+------------------+
---------------------------------------------------------------------------------
Start Renaming Generated Instances
---------------------------------------------------------------------------------
---------------------------------------------------------------------------------
Finished Renaming Generated Instances : Time (s): cpu = 00:00:20 ; elapsed = 00:00:22 . Memory (MB): peak = 594.078 ; gain = 422.664
---------------------------------------------------------------------------------

Report RTL Partitions: 
+-+--------------+------------+----------+
| |RTL Partition |Replication |Instances |
+-+--------------+------------+----------+
+-+--------------+------------+----------+
---------------------------------------------------------------------------------
Start Rebuilding User Hierarchy
---------------------------------------------------------------------------------
---------------------------------------------------------------------------------
Finished Rebuilding User Hierarchy : Time (s): cpu = 00:00:20 ; elapsed = 00:00:22 . Memory (MB): peak = 594.078 ; gain = 422.664
---------------------------------------------------------------------------------
---------------------------------------------------------------------------------
Start Renaming Generated Ports
---------------------------------------------------------------------------------
---------------------------------------------------------------------------------
Finished Renaming Generated Ports : Time (s): cpu = 00:00:20 ; elapsed = 00:00:22 . Memory (MB): peak = 594.078 ; gain = 422.664
---------------------------------------------------------------------------------
---------------------------------------------------------------------------------
Start Handling Custom Attributes
---------------------------------------------------------------------------------
---------------------------------------------------------------------------------
Finished Handling Custom Attributes : Time (s): cpu = 00:00:20 ; elapsed = 00:00:22 . Memory (MB): peak = 594.078 ; gain = 422.664
---------------------------------------------------------------------------------
---------------------------------------------------------------------------------
Start Renaming Generated Nets
---------------------------------------------------------------------------------
---------------------------------------------------------------------------------
Finished Renaming Generated Nets : Time (s): cpu = 00:00:20 ; elapsed = 00:00:22 . Memory (MB): peak = 594.078 ; gain = 422.664
---------------------------------------------------------------------------------
---------------------------------------------------------------------------------
Start Writing Synthesis Report
---------------------------------------------------------------------------------

Report BlackBoxes: 
+-+--------------+----------+
| |BlackBox name |Instances |
+-+--------------+----------+
+-+--------------+----------+

Report Cell Usage: 
+------+----------+------+
|      |Cell      |Count |
+------+----------+------+
|1     |BUFG      |     2|
|2     |PLLE2_ADV |     1|
|3     |IBUF      |     1|
+------+----------+------+

Report Instance Areas: 
+------+---------+---------------+------+
|      |Instance |Module         |Cells |
+------+---------+---------------+------+
|1     |top      |               |     4|
|2     |  inst   |cpuclk_clk_wiz |     4|
+------+---------+---------------+------+
---------------------------------------------------------------------------------
Finished Writing Synthesis Report : Time (s): cpu = 00:00:20 ; elapsed = 00:00:22 . Memory (MB): peak = 594.078 ; gain = 422.664
---------------------------------------------------------------------------------
Synthesis finished with 0 errors, 0 critical warnings and 0 warnings.
Synthesis Optimization Runtime : Time (s): cpu = 00:00:11 ; elapsed = 00:00:15 . Memory (MB): peak = 594.078 ; gain = 156.051
Synthesis Optimization Complete : Time (s): cpu = 00:00:20 ; elapsed = 00:00:22 . Memory (MB): peak = 594.078 ; gain = 422.664
INFO: [Project 1-571] Translating synthesized netlist
INFO: [Netlist 29-17] Analyzing 2 Unisim elements for replacement
INFO: [Netlist 29-28] Unisim Transformation completed in 0 CPU seconds
INFO: [Project 1-570] Preparing netlist for logic optimization
Parsing XDC File [f:/.vscode/Github/MIPS32_CPU/minisys/minisys.srcs/sources_1/ip/cpuclk/cpuclk_ooc.xdc] for cell 'inst'
Finished Parsing XDC File [f:/.vscode/Github/MIPS32_CPU/minisys/minisys.srcs/sources_1/ip/cpuclk/cpuclk_ooc.xdc] for cell 'inst'
Parsing XDC File [f:/.vscode/Github/MIPS32_CPU/minisys/minisys.srcs/sources_1/ip/cpuclk/cpuclk_board.xdc] for cell 'inst'
Finished Parsing XDC File [f:/.vscode/Github/MIPS32_CPU/minisys/minisys.srcs/sources_1/ip/cpuclk/cpuclk_board.xdc] for cell 'inst'
Parsing XDC File [f:/.vscode/Github/MIPS32_CPU/minisys/minisys.srcs/sources_1/ip/cpuclk/cpuclk.xdc] for cell 'inst'
INFO: [Timing 38-35] Done setting XDC timing constraints. [f:/.vscode/Github/MIPS32_CPU/minisys/minisys.srcs/sources_1/ip/cpuclk/cpuclk.xdc:56]
INFO: [Timing 38-2] Deriving generated clocks [f:/.vscode/Github/MIPS32_CPU/minisys/minisys.srcs/sources_1/ip/cpuclk/cpuclk.xdc:56]
get_clocks: Time (s): cpu = 00:00:09 ; elapsed = 00:00:10 . Memory (MB): peak = 935.074 ; gain = 340.996
Finished Parsing XDC File [f:/.vscode/Github/MIPS32_CPU/minisys/minisys.srcs/sources_1/ip/cpuclk/cpuclk.xdc] for cell 'inst'
INFO: [Opt 31-138] Pushed 0 inverter(s) to 0 load pin(s).
INFO: [Project 1-111] Unisim Transformation Summary:
No Unisim elements were transformed.

INFO: [Common 17-83] Releasing license: Synthesis
30 Infos, 5 Warnings, 0 Critical Warnings and 0 Errors encountered.
synth_design completed successfully
synth_design: Time (s): cpu = 00:00:28 ; elapsed = 00:00:30 . Memory (MB): peak = 935.074 ; gain = 710.582
report_utilization: Time (s): cpu = 00:00:00 ; elapsed = 00:00:00.031 . Memory (MB): peak = 935.074 ; gain = 0.000
INFO: [Common 17-206] Exiting Vivado at Sun Jul 11 11:25:53 2021...
