Vivado Simulator 2015.4
Time resolution is 1 ps
                   0   0 +  0 +  0 +  0 ={  0}
                  10   1 +  1 +  1 +  1 ={  4}
                  20   2 +  2 +  2 +  2 ={  8}
                  30   3 +  3 +  3 +  3 ={ 12}
                  40   4 +  4 +  4 +  4 ={ 16}
                  50   5 +  5 +  5 +  5 ={ 20}
                  60   6 +  6 +  6 +  6 ={ 24}
                  70   7 +  7 +  7 +  7 ={ 28}
                  80   8 +  8 +  8 +  8 ={ 32}
                  90   9 +  9 +  9 +  9 ={ 36}
                 100  10 + 10 + 10 + 10 ={ 40}
                 110  11 + 11 + 11 + 11 ={ 44}
                 120  12 + 12 + 12 + 12 ={ 48}
                 130  13 + 13 + 13 + 13 ={ 52}
                 140  14 + 14 + 14 + 14 ={ 56}
                 150  15 + 15 + 15 + 15 ={ 60}
                 160  16 + 16 + 16 + 16 ={ 64}
                 170  17 + 17 + 17 + 17 ={ 68}
                 180  18 + 18 + 18 + 18 ={ 72}
                 190  19 + 19 + 19 + 19 ={ 76}
                 200  20 + 20 + 20 + 20 ={ 80}
                 210  21 + 21 + 21 + 21 ={ 84}
                 220  22 + 22 + 22 + 22 ={ 88}
                 230  23 + 23 + 23 + 23 ={ 92}
                 240  24 + 24 + 24 + 24 ={ 96}
                 250  25 + 25 + 25 + 25 ={100}
                 260  26 + 26 + 26 + 26 ={104}
                 270  27 + 27 + 27 + 27 ={108}
                 280  28 + 28 + 28 + 28 ={112}
                 290  29 + 29 + 29 + 29 ={116}
                 300  30 + 30 + 30 + 30 ={120}
$finish called at time : 500 ns : File "F:/DOWNLOAD/HelloWorld/HelloWorld.srcs/sim_1/new/simu.v" Line 44
