#-----------------------------------------------------------
# Vivado v2015.4 (64-bit)
# SW Build 1412921 on Wed Nov 18 09:43:45 MST 2015
# IP Build 1412160 on Tue Nov 17 13:47:24 MST 2015
# Start of session at: Mon Jul 12 22:04:26 2021
# Process ID: 16944
# Current directory: F:/.vscode/Github/MIPS32_CPU/minisys
# Command line: vivado.exe -gui_launcher_event rodinguilauncherevent15400 F:\.vscode\Github\MIPS32_CPU\minisys\minisys.xpr
# Log file: F:/.vscode/Github/MIPS32_CPU/minisys/vivado.log
# Journal file: F:/.vscode/Github/MIPS32_CPU/minisys\vivado.jou
#-----------------------------------------------------------
start_gui
open_project F:/.vscode/Github/MIPS32_CPU/minisys/minisys.xpr
Scanning sources...
Finished scanning sources
INFO: [IP_Flow 19-234] Refreshing IP repositories
INFO: [IP_Flow 19-1704] No user IP repositories specified
INFO: [IP_Flow 19-2313] Loaded Vivado IP repository 'E:/Xilinx/Vivado/2015.4/data/ip'.
open_project: Time (s): cpu = 00:00:18 ; elapsed = 00:00:09 . Memory (MB): peak = 826.789 ; gain = 203.926
exit
INFO: [Common 17-206] Exiting Vivado at Mon Jul 12 22:06:30 2021...
