#-----------------------------------------------------------
# Vivado v2015.4 (64-bit)
# SW Build 1412921 on Wed Nov 18 09:43:45 MST 2015
# IP Build 1412160 on Tue Nov 17 13:47:24 MST 2015
# Start of session at: Fri Jul 09 16:38:02 2021
# Process ID: 13836
# Current directory: C:/Users/27260/Documents/GitHub/MIPS32_CPU/minisys
# Command line: vivado.exe -gui_launcher_event rodinguilauncherevent10528 C:\Users\27260\Documents\GitHub\MIPS32_CPU\minisys\minisys.xpr
# Log file: C:/Users/27260/Documents/GitHub/MIPS32_CPU/minisys/vivado.log
# Journal file: C:/Users/27260/Documents/GitHub/MIPS32_CPU/minisys\vivado.jou
#-----------------------------------------------------------
start_gui
open_project C:/Users/27260/Documents/GitHub/MIPS32_CPU/minisys/minisys.xpr
INFO: [Project 1-313] Project file moved from 'F:/.vscode/Github/MIPS32_CPU/minisys' since last save.
Scanning sources...
Finished scanning sources
WARNING: [filemgmt 56-2] IPUserFilesDir: Could not find the directory 'C:/Users/27260/Documents/GitHub/MIPS32_CPU/minisys/minisys.ip_user_files', nor could it be found using path 'F:/.vscode/Github/MIPS32_CPU/minisys/minisys.ip_user_files'.
WARNING: [filemgmt 56-2] IPStaticSourceDir: Could not find the directory 'C:/Users/27260/Documents/GitHub/MIPS32_CPU/minisys/minisys.ip_user_files/ipstatic', nor could it be found using path 'F:/.vscode/Github/MIPS32_CPU/minisys/minisys.ip_user_files/ipstatic'.
INFO: [IP_Flow 19-234] Refreshing IP repositories
INFO: [IP_Flow 19-1704] No user IP repositories specified
INFO: [IP_Flow 19-2313] Loaded Vivado IP repository 'D:/Vivado_application/Vivado/2015.4/data/ip'.
