#-----------------------------------------------------------
# Vivado v2015.4 (64-bit)
# SW Build 1412921 on Wed Nov 18 09:43:45 MST 2015
# IP Build 1412160 on Tue Nov 17 13:47:24 MST 2015
# Start of session at: Sat Jul 10 14:35:08 2021
# Process ID: 26384
# Current directory: F:/.vscode/Github/MIPS32_CPU/minisys
# Command line: vivado.exe -gui_launcher_event rodinguilauncherevent11248 F:\.vscode\Github\MIPS32_CPU\minisys\minisys.xpr
# Log file: F:/.vscode/Github/MIPS32_CPU/minisys/vivado.log
# Journal file: F:/.vscode/Github/MIPS32_CPU/minisys\vivado.jou
#-----------------------------------------------------------
start_gui
open_project F:/.vscode/Github/MIPS32_CPU/minisys/minisys.xpr
INFO: [Project 1-313] Project file moved from 'C:/Users/27260/Documents/GitHub/MIPS32_CPU/minisys' since last save.
Scanning sources...
Finished scanning sources
INFO: [IP_Flow 19-234] Refreshing IP repositories
INFO: [IP_Flow 19-1704] No user IP repositories specified
INFO: [IP_Flow 19-2313] Loaded Vivado IP repository 'E:/Xilinx/Vivado/2015.4/data/ip'.
open_project: Time (s): cpu = 00:00:12 ; elapsed = 00:00:07 . Memory (MB): peak = 743.223 ; gain = 161.543
exit
INFO: [Common 17-206] Exiting Vivado at Sat Jul 10 15:40:01 2021...
